<?xml version="1.0" encoding="UTF-8"?>
<testsuite xmlns:xsi="http://www.w3.org/2001/XMLSchema-instance" xsi:noNamespaceSchemaLocation="https://maven.apache.org/surefire/maven-surefire-plugin/xsd/surefire-test-report-3.0.xsd" version="3.0" name="TestRunner" time="29.934" tests="2" errors="0" skipped="0" failures="0">
  <properties>
    <property name="java.specification.version" value="15"/>
    <property name="sun.jnu.encoding" value="UTF-8"/>
    <property name="java.class.path" value="/Users/angel/Repositorios/cucumber/target/test-classes:/Users/angel/Repositorios/cucumber/target/classes:/Users/angel/.m2/repository/junit/junit/4.13.2/junit-4.13.2.jar:/Users/angel/.m2/repository/org/hamcrest/hamcrest-core/1.3/hamcrest-core-1.3.jar:/Users/angel/.m2/repository/io/cucumber/cucumber-java/6.11.0/cucumber-java-6.11.0.jar:/Users/angel/.m2/repository/io/cucumber/cucumber-core/6.11.0/cucumber-core-6.11.0.jar:/Users/angel/.m2/repository/io/cucumber/cucumber-gherkin/6.11.0/cucumber-gherkin-6.11.0.jar:/Users/angel/.m2/repository/io/cucumber/cucumber-gherkin-messages/6.11.0/cucumber-gherkin-messages-6.11.0.jar:/Users/angel/.m2/repository/io/cucumber/messages/15.0.0/messages-15.0.0.jar:/Users/angel/.m2/repository/io/cucumber/tag-expressions/3.0.1/tag-expressions-3.0.1.jar:/Users/angel/.m2/repository/io/cucumber/cucumber-expressions/10.3.0/cucumber-expressions-10.3.0.jar:/Users/angel/.m2/repository/io/cucumber/datatable/3.5.0/datatable-3.5.0.jar:/Users/angel/.m2/repository/io/cucumber/cucumber-plugin/6.11.0/cucumber-plugin-6.11.0.jar:/Users/angel/.m2/repository/io/cucumber/docstring/6.11.0/docstring-6.11.0.jar:/Users/angel/.m2/repository/io/cucumber/html-formatter/13.0.0/html-formatter-13.0.0.jar:/Users/angel/.m2/repository/io/cucumber/create-meta/4.0.0/create-meta-4.0.0.jar:/Users/angel/.m2/repository/org/apiguardian/apiguardian-api/1.1.2/apiguardian-api-1.1.2.jar:/Users/angel/.m2/repository/io/cucumber/cucumber-junit/6.11.0/cucumber-junit-6.11.0.jar:/Users/angel/.m2/repository/org/seleniumhq/selenium/selenium-java/3.141.59/selenium-java-3.141.59.jar:/Users/angel/.m2/repository/org/seleniumhq/selenium/selenium-api/3.141.59/selenium-api-3.141.59.jar:/Users/angel/.m2/repository/org/seleniumhq/selenium/selenium-chrome-driver/3.141.59/selenium-chrome-driver-3.141.59.jar:/Users/angel/.m2/repository/org/seleniumhq/selenium/selenium-edge-driver/3.141.59/selenium-edge-driver-3.141.59.jar:/Users/angel/.m2/repository/org/seleniumhq/selenium/selenium-firefox-driver/3.141.59/selenium-firefox-driver-3.141.59.jar:/Users/angel/.m2/repository/org/seleniumhq/selenium/selenium-ie-driver/3.141.59/selenium-ie-driver-3.141.59.jar:/Users/angel/.m2/repository/org/seleniumhq/selenium/selenium-opera-driver/3.141.59/selenium-opera-driver-3.141.59.jar:/Users/angel/.m2/repository/org/seleniumhq/selenium/selenium-remote-driver/3.141.59/selenium-remote-driver-3.141.59.jar:/Users/angel/.m2/repository/org/seleniumhq/selenium/selenium-safari-driver/3.141.59/selenium-safari-driver-3.141.59.jar:/Users/angel/.m2/repository/org/seleniumhq/selenium/selenium-support/3.141.59/selenium-support-3.141.59.jar:/Users/angel/.m2/repository/net/bytebuddy/byte-buddy/1.8.15/byte-buddy-1.8.15.jar:/Users/angel/.m2/repository/org/apache/commons/commons-exec/1.3/commons-exec-1.3.jar:/Users/angel/.m2/repository/com/google/guava/guava/25.0-jre/guava-25.0-jre.jar:/Users/angel/.m2/repository/com/google/code/findbugs/jsr305/1.3.9/jsr305-1.3.9.jar:/Users/angel/.m2/repository/org/checkerframework/checker-compat-qual/2.0.0/checker-compat-qual-2.0.0.jar:/Users/angel/.m2/repository/com/google/errorprone/error_prone_annotations/2.1.3/error_prone_annotations-2.1.3.jar:/Users/angel/.m2/repository/com/google/j2objc/j2objc-annotations/1.1/j2objc-annotations-1.1.jar:/Users/angel/.m2/repository/org/codehaus/mojo/animal-sniffer-annotations/1.14/animal-sniffer-annotations-1.14.jar:/Users/angel/.m2/repository/com/squareup/okhttp3/okhttp/3.11.0/okhttp-3.11.0.jar:/Users/angel/.m2/repository/com/squareup/okio/okio/1.14.0/okio-1.14.0.jar:"/>
    <property name="java.vm.vendor" value="Amazon.com Inc."/>
    <property name="sun.arch.data.model" value="64"/>
    <property name="java.vendor.url" value="https://aws.amazon.com/corretto/"/>
    <property name="os.name" value="Mac OS X"/>
    <property name="java.vm.specification.version" value="15"/>
    <property name="sun.java.launcher" value="SUN_STANDARD"/>
    <property name="user.country" value="419"/>
    <property name="sun.boot.library.path" value="/Users/angel/Library/Java/JavaVirtualMachines/corretto-15.0.2/Contents/Home/lib"/>
    <property name="sun.java.command" value="/Users/angel/Repositorios/cucumber/target/surefire/surefirebooter10833429864357220203.jar /Users/angel/Repositorios/cucumber/target/surefire 2021-09-06T01-11-37_513-jvmRun1 surefire13485858171103183927tmp surefire_012112853852848320210tmp"/>
    <property name="http.nonProxyHosts" value="local|*.local|169.254/16|*.169.254/16"/>
    <property name="jdk.debug" value="release"/>
    <property name="surefire.test.class.path" value="/Users/angel/Repositorios/cucumber/target/test-classes:/Users/angel/Repositorios/cucumber/target/classes:/Users/angel/.m2/repository/junit/junit/4.13.2/junit-4.13.2.jar:/Users/angel/.m2/repository/org/hamcrest/hamcrest-core/1.3/hamcrest-core-1.3.jar:/Users/angel/.m2/repository/io/cucumber/cucumber-java/6.11.0/cucumber-java-6.11.0.jar:/Users/angel/.m2/repository/io/cucumber/cucumber-core/6.11.0/cucumber-core-6.11.0.jar:/Users/angel/.m2/repository/io/cucumber/cucumber-gherkin/6.11.0/cucumber-gherkin-6.11.0.jar:/Users/angel/.m2/repository/io/cucumber/cucumber-gherkin-messages/6.11.0/cucumber-gherkin-messages-6.11.0.jar:/Users/angel/.m2/repository/io/cucumber/messages/15.0.0/messages-15.0.0.jar:/Users/angel/.m2/repository/io/cucumber/tag-expressions/3.0.1/tag-expressions-3.0.1.jar:/Users/angel/.m2/repository/io/cucumber/cucumber-expressions/10.3.0/cucumber-expressions-10.3.0.jar:/Users/angel/.m2/repository/io/cucumber/datatable/3.5.0/datatable-3.5.0.jar:/Users/angel/.m2/repository/io/cucumber/cucumber-plugin/6.11.0/cucumber-plugin-6.11.0.jar:/Users/angel/.m2/repository/io/cucumber/docstring/6.11.0/docstring-6.11.0.jar:/Users/angel/.m2/repository/io/cucumber/html-formatter/13.0.0/html-formatter-13.0.0.jar:/Users/angel/.m2/repository/io/cucumber/create-meta/4.0.0/create-meta-4.0.0.jar:/Users/angel/.m2/repository/org/apiguardian/apiguardian-api/1.1.2/apiguardian-api-1.1.2.jar:/Users/angel/.m2/repository/io/cucumber/cucumber-junit/6.11.0/cucumber-junit-6.11.0.jar:/Users/angel/.m2/repository/org/seleniumhq/selenium/selenium-java/3.141.59/selenium-java-3.141.59.jar:/Users/angel/.m2/repository/org/seleniumhq/selenium/selenium-api/3.141.59/selenium-api-3.141.59.jar:/Users/angel/.m2/repository/org/seleniumhq/selenium/selenium-chrome-driver/3.141.59/selenium-chrome-driver-3.141.59.jar:/Users/angel/.m2/repository/org/seleniumhq/selenium/selenium-edge-driver/3.141.59/selenium-edge-driver-3.141.59.jar:/Users/angel/.m2/repository/org/seleniumhq/selenium/selenium-firefox-driver/3.141.59/selenium-firefox-driver-3.141.59.jar:/Users/angel/.m2/repository/org/seleniumhq/selenium/selenium-ie-driver/3.141.59/selenium-ie-driver-3.141.59.jar:/Users/angel/.m2/repository/org/seleniumhq/selenium/selenium-opera-driver/3.141.59/selenium-opera-driver-3.141.59.jar:/Users/angel/.m2/repository/org/seleniumhq/selenium/selenium-remote-driver/3.141.59/selenium-remote-driver-3.141.59.jar:/Users/angel/.m2/repository/org/seleniumhq/selenium/selenium-safari-driver/3.141.59/selenium-safari-driver-3.141.59.jar:/Users/angel/.m2/repository/org/seleniumhq/selenium/selenium-support/3.141.59/selenium-support-3.141.59.jar:/Users/angel/.m2/repository/net/bytebuddy/byte-buddy/1.8.15/byte-buddy-1.8.15.jar:/Users/angel/.m2/repository/org/apache/commons/commons-exec/1.3/commons-exec-1.3.jar:/Users/angel/.m2/repository/com/google/guava/guava/25.0-jre/guava-25.0-jre.jar:/Users/angel/.m2/repository/com/google/code/findbugs/jsr305/1.3.9/jsr305-1.3.9.jar:/Users/angel/.m2/repository/org/checkerframework/checker-compat-qual/2.0.0/checker-compat-qual-2.0.0.jar:/Users/angel/.m2/repository/com/google/errorprone/error_prone_annotations/2.1.3/error_prone_annotations-2.1.3.jar:/Users/angel/.m2/repository/com/google/j2objc/j2objc-annotations/1.1/j2objc-annotations-1.1.jar:/Users/angel/.m2/repository/org/codehaus/mojo/animal-sniffer-annotations/1.14/animal-sniffer-annotations-1.14.jar:/Users/angel/.m2/repository/com/squareup/okhttp3/okhttp/3.11.0/okhttp-3.11.0.jar:/Users/angel/.m2/repository/com/squareup/okio/okio/1.14.0/okio-1.14.0.jar:"/>
    <property name="sun.cpu.endian" value="little"/>
    <property name="user.home" value="/Users/angel"/>
    <property name="user.language" value="es"/>
    <property name="java.specification.vendor" value="Oracle Corporation"/>
    <property name="java.version.date" value="2021-01-19"/>
    <property name="java.home" value="/Users/angel/Library/Java/JavaVirtualMachines/corretto-15.0.2/Contents/Home"/>
    <property name="file.separator" value="/"/>
    <property name="basedir" value="/Users/angel/Repositorios/cucumber"/>
    <property name="java.vm.compressedOopsMode" value="Zero based"/>
    <property name="line.separator" value="&#10;"/>
    <property name="java.specification.name" value="Java Platform API Specification"/>
    <property name="java.vm.specification.vendor" value="Oracle Corporation"/>
    <property name="surefire.real.class.path" value="/Users/angel/Repositorios/cucumber/target/surefire/surefirebooter10833429864357220203.jar"/>
    <property name="sun.management.compiler" value="HotSpot 64-Bit Tiered Compilers"/>
    <property name="ftp.nonProxyHosts" value="local|*.local|169.254/16|*.169.254/16"/>
    <property name="java.runtime.version" value="15.0.2+7"/>
    <property name="user.name" value="angel"/>
    <property name="path.separator" value=":"/>
    <property name="os.version" value="11.5.2"/>
    <property name="java.runtime.name" value="OpenJDK Runtime Environment"/>
    <property name="file.encoding" value="US-ASCII"/>
    <property name="java.vm.name" value="OpenJDK 64-Bit Server VM"/>
    <property name="java.vendor.version" value="Corretto-15.0.2.7.1"/>
    <property name="localRepository" value="/Users/angel/.m2/repository"/>
    <property name="java.vendor.url.bug" value="https://github.com/corretto/corretto-jdk/issues/"/>
    <property name="java.io.tmpdir" value="/var/folders/fz/1w0rp9wj707dq38jmjfp5lp00000gn/T/"/>
    <property name="java.version" value="15.0.2"/>
    <property name="user.dir" value="/Users/angel/Repositorios/cucumber"/>
    <property name="os.arch" value="x86_64"/>
    <property name="java.vm.specification.name" value="Java Virtual Machine Specification"/>
    <property name="java.library.path" value="/Users/angel/Library/Java/Extensions:/Library/Java/Extensions:/Network/Library/Java/Extensions:/System/Library/Java/Extensions:/usr/lib/java:."/>
    <property name="java.vm.info" value="mixed mode, sharing"/>
    <property name="java.vendor" value="Amazon.com Inc."/>
    <property name="java.vm.version" value="15.0.2+7"/>
    <property name="sun.io.unicode.encoding" value="UnicodeBig"/>
    <property name="socksNonProxyHosts" value="local|*.local|169.254/16|*.169.254/16"/>
    <property name="java.class.version" value="59.0"/>
  </properties>
  <testcase name="Registro de formulario con Datos Validos" classname="Registrar formulario" time="14.407">
    <system-out><![CDATA[Mac OS X
MacOS environemnt
]]></system-out>
    <system-err><![CDATA[Starting ChromeDriver 92.0.4515.43 (8c61b7e2989f2990d42f859cac71319137787cce-refs/branch-heads/4515@{#306}) on port 34910
Only local connections are allowed.
Please see https://chromedriver.chromium.org/security-considerations for suggestions on keeping ChromeDriver safe.
ChromeDriver was started successfully.
sep. 06, 2021 1:11:38 A.M. org.openqa.selenium.remote.ProtocolHandshake createSession
INFORMACI?N: Detected dialect: W3C
]]></system-err>
  </testcase>
  <testcase name="Visualizar datos requeridos" classname="Registrar formulario" time="15.344">
    <system-out><![CDATA[Mac OS X
MacOS environemnt
org.openqa.selenium.TimeoutException: Expected condition failed: waiting for visibility of Proxy element for: AjaxElementLocator 'By.xpath: //table' (tried for 5 second(s) with 500 milliseconds interval)
]]></system-out>
    <system-err><![CDATA[Starting ChromeDriver 92.0.4515.43 (8c61b7e2989f2990d42f859cac71319137787cce-refs/branch-heads/4515@{#306}) on port 11357
Only local connections are allowed.
Please see https://chromedriver.chromium.org/security-considerations for suggestions on keeping ChromeDriver safe.
ChromeDriver was started successfully.
sep. 06, 2021 1:11:52 A.M. org.openqa.selenium.remote.ProtocolHandshake createSession
INFORMACI?N: Detected dialect: W3C
]]></system-err>
  </testcase>
</testsuite>